[1022/151831.425:ERROR:directory_reader_win.cc(43)] FindFirstFile: The system cannot find the path specified. (0x3)
[1022/151958.533:ERROR:directory_reader_win.cc(43)] FindFirstFile: The system cannot find the path specified. (0x3)
[1022/153407.974:ERROR:directory_reader_win.cc(43)] FindFirstFile: The system cannot find the path specified. (0x3)
[1022/155039.317:ERROR:directory_reader_win.cc(43)] FindFirstFile: The system cannot find the path specified. (0x3)
[1022/155510.291:ERROR:directory_reader_win.cc(43)] FindFirstFile: The system cannot find the path specified. (0x3)
[1022/162058.188:ERROR:directory_reader_win.cc(43)] FindFirstFile: The system cannot find the path specified. (0x3)
[1022/162328.211:ERROR:directory_reader_win.cc(43)] FindFirstFile: The system cannot find the path specified. (0x3)
[1022/163525.100:ERROR:directory_reader_win.cc(43)] FindFirstFile: The system cannot find the path specified. (0x3)
[1022/163729.113:ERROR:directory_reader_win.cc(43)] FindFirstFile: The system cannot find the path specified. (0x3)
[1022/163820.702:ERROR:directory_reader_win.cc(43)] FindFirstFile: The system cannot find the path specified. (0x3)
[1022/164948.259:ERROR:directory_reader_win.cc(43)] FindFirstFile: The system cannot find the path specified. (0x3)
[1022/190516.954:ERROR:directory_reader_win.cc(43)] FindFirstFile: The system cannot find the path specified. (0x3)
[1022/190714.409:ERROR:directory_reader_win.cc(43)] FindFirstFile: The system cannot find the path specified. (0x3)
[1022/190933.610:ERROR:directory_reader_win.cc(43)] FindFirstFile: The system cannot find the path specified. (0x3)
[1022/193556.836:ERROR:directory_reader_win.cc(43)] FindFirstFile: The system cannot find the path specified. (0x3)
[1022/193859.430:ERROR:directory_reader_win.cc(43)] FindFirstFile: The system cannot find the path specified. (0x3)
[1022/194005.487:ERROR:directory_reader_win.cc(43)] FindFirstFile: The system cannot find the path specified. (0x3)
[1023/100818.679:ERROR:directory_reader_win.cc(43)] FindFirstFile: The system cannot find the path specified. (0x3)
[1023/101952.459:ERROR:directory_reader_win.cc(43)] FindFirstFile: The system cannot find the path specified. (0x3)
[1023/102453.724:ERROR:directory_reader_win.cc(43)] FindFirstFile: The system cannot find the path specified. (0x3)
[1023/103002.936:ERROR:directory_reader_win.cc(43)] FindFirstFile: The system cannot find the path specified. (0x3)
[1023/104835.496:ERROR:directory_reader_win.cc(43)] FindFirstFile: The system cannot find the path specified. (0x3)
[1023/110657.504:ERROR:directory_reader_win.cc(43)] FindFirstFile: The system cannot find the path specified. (0x3)
[1023/111107.102:ERROR:directory_reader_win.cc(43)] FindFirstFile: The system cannot find the path specified. (0x3)
[1023/112211.160:ERROR:directory_reader_win.cc(43)] FindFirstFile: The system cannot find the path specified. (0x3)
[1023/112414.562:ERROR:directory_reader_win.cc(43)] FindFirstFile: The system cannot find the path specified. (0x3)
[1023/113522.039:ERROR:directory_reader_win.cc(43)] FindFirstFile: The system cannot find the path specified. (0x3)
[1023/113946.031:ERROR:directory_reader_win.cc(43)] FindFirstFile: The system cannot find the path specified. (0x3)
[1023/114719.393:ERROR:directory_reader_win.cc(43)] FindFirstFile: The system cannot find the path specified. (0x3)
[1023/120951.622:ERROR:directory_reader_win.cc(43)] FindFirstFile: The system cannot find the path specified. (0x3)
[1023/121305.736:ERROR:directory_reader_win.cc(43)] FindFirstFile: The system cannot find the path specified. (0x3)
[1023/121943.138:ERROR:directory_reader_win.cc(43)] FindFirstFile: The system cannot find the path specified. (0x3)
[1023/122815.598:ERROR:directory_reader_win.cc(43)] FindFirstFile: The system cannot find the path specified. (0x3)
[1023/124253.954:ERROR:directory_reader_win.cc(43)] FindFirstFile: The system cannot find the path specified. (0x3)
[1023/131526.717:ERROR:directory_reader_win.cc(43)] FindFirstFile: The system cannot find the path specified. (0x3)
[1023/182955.738:ERROR:directory_reader_win.cc(43)] FindFirstFile: The system cannot find the path specified. (0x3)
[1023/193435.915:ERROR:directory_reader_win.cc(43)] FindFirstFile: The system cannot find the path specified. (0x3)
[1023/195039.328:ERROR:directory_reader_win.cc(43)] FindFirstFile: The system cannot find the path specified. (0x3)
[1023/203023.816:ERROR:directory_reader_win.cc(43)] FindFirstFile: The system cannot find the path specified. (0x3)
[1026/000639.462:ERROR:directory_reader_win.cc(43)] FindFirstFile: The system cannot find the path specified. (0x3)
[1026/000717.563:ERROR:directory_reader_win.cc(43)] FindFirstFile: The system cannot find the path specified. (0x3)
[1026/000817.827:ERROR:directory_reader_win.cc(43)] FindFirstFile: The system cannot find the path specified. (0x3)
[1026/175513.631:ERROR:directory_reader_win.cc(43)] FindFirstFile: The system cannot find the path specified. (0x3)
[1026/182022.461:ERROR:directory_reader_win.cc(43)] FindFirstFile: The system cannot find the path specified. (0x3)
[1103/124319.685:ERROR:directory_reader_win.cc(43)] FindFirstFile: The system cannot find the path specified. (0x3)
[1103/143057.462:ERROR:directory_reader_win.cc(43)] FindFirstFile: The system cannot find the path specified. (0x3)
[1103/144616.985:ERROR:directory_reader_win.cc(43)] FindFirstFile: The system cannot find the path specified. (0x3)
[1103/163624.591:ERROR:directory_reader_win.cc(43)] FindFirstFile: The system cannot find the path specified. (0x3)
[1103/165631.907:ERROR:directory_reader_win.cc(43)] FindFirstFile: The system cannot find the path specified. (0x3)
[1103/170334.385:ERROR:directory_reader_win.cc(43)] FindFirstFile: The system cannot find the path specified. (0x3)
[1103/171847.560:ERROR:directory_reader_win.cc(43)] FindFirstFile: The system cannot find the path specified. (0x3)
[1103/172122.436:ERROR:directory_reader_win.cc(43)] FindFirstFile: The system cannot find the path specified. (0x3)
[1103/172421.707:ERROR:directory_reader_win.cc(43)] FindFirstFile: The system cannot find the path specified. (0x3)
[1103/172646.738:ERROR:directory_reader_win.cc(43)] FindFirstFile: The system cannot find the path specified. (0x3)
[1103/172956.459:ERROR:directory_reader_win.cc(43)] FindFirstFile: The system cannot find the path specified. (0x3)
[1103/173412.605:ERROR:directory_reader_win.cc(43)] FindFirstFile: The system cannot find the path specified. (0x3)
[1103/175538.238:ERROR:directory_reader_win.cc(43)] FindFirstFile: The system cannot find the path specified. (0x3)
[1103/180045.630:ERROR:directory_reader_win.cc(43)] FindFirstFile: The system cannot find the path specified. (0x3)
[1103/180444.143:ERROR:directory_reader_win.cc(43)] FindFirstFile: The system cannot find the path specified. (0x3)
[1103/180938.579:ERROR:directory_reader_win.cc(43)] FindFirstFile: The system cannot find the path specified. (0x3)
[1103/181322.515:ERROR:directory_reader_win.cc(43)] FindFirstFile: The system cannot find the path specified. (0x3)
[1103/181457.360:ERROR:directory_reader_win.cc(43)] FindFirstFile: The system cannot find the path specified. (0x3)
[1103/181712.342:ERROR:directory_reader_win.cc(43)] FindFirstFile: The system cannot find the path specified. (0x3)
[1105/154553.472:ERROR:directory_reader_win.cc(43)] FindFirstFile: The system cannot find the path specified. (0x3)
[1109/132202.915:ERROR:directory_reader_win.cc(43)] FindFirstFile: The system cannot find the path specified. (0x3)
[1110/233525.552:ERROR:process_reader_win.cc(123)] NtOpenThread: {Access Denied} A process has requested access to an object, but has not been granted those access rights. (0xc0000022)
[1110/233525.556:ERROR:exception_snapshot_win.cc(99)] thread ID 2428 not found in process
[1110/233525.600:ERROR:process_reader_win.cc(151)] SuspendThread: Access is denied. (0x5)
[1110/233525.600:ERROR:process_reader_win.cc(151)] SuspendThread: Access is denied. (0x5)
[1110/233525.602:ERROR:process_reader_win.cc(151)] SuspendThread: Access is denied. (0x5)
[1110/233525.602:ERROR:process_reader_win.cc(151)] SuspendThread: Access is denied. (0x5)
[1110/233525.602:ERROR:process_reader_win.cc(151)] SuspendThread: Access is denied. (0x5)
[1110/233525.602:ERROR:process_reader_win.cc(151)] SuspendThread: Access is denied. (0x5)
[1110/233525.605:ERROR:process_reader_win.cc(151)] SuspendThread: Access is denied. (0x5)
[1110/233525.605:ERROR:process_reader_win.cc(151)] SuspendThread: Access is denied. (0x5)
[1110/233525.605:ERROR:process_reader_win.cc(151)] SuspendThread: Access is denied. (0x5)
[1110/233525.605:ERROR:process_reader_win.cc(151)] SuspendThread: Access is denied. (0x5)
[1110/233525.605:ERROR:process_reader_win.cc(151)] SuspendThread: Access is denied. (0x5)
[1110/233525.605:ERROR:process_reader_win.cc(151)] SuspendThread: Access is denied. (0x5)
[1110/233525.606:ERROR:process_reader_win.cc(151)] SuspendThread: Access is denied. (0x5)
[1110/233525.606:ERROR:process_reader_win.cc(151)] SuspendThread: Access is denied. (0x5)
[1110/233525.606:ERROR:process_reader_win.cc(123)] NtOpenThread: {Access Denied} A process has requested access to an object, but has not been granted those access rights. (0xc0000022)
[1110/233525.606:ERROR:exception_snapshot_win.cc(99)] thread ID 6388 not found in process
[1110/233525.607:ERROR:process_reader_win.cc(151)] SuspendThread: Access is denied. (0x5)
[1110/233525.607:ERROR:process_reader_win.cc(151)] SuspendThread: Access is denied. (0x5)
[1110/233525.607:ERROR:process_reader_win.cc(151)] SuspendThread: Access is denied. (0x5)
[1110/233525.607:ERROR:process_reader_win.cc(151)] SuspendThread: Access is denied. (0x5)
[1110/233525.607:ERROR:process_reader_win.cc(151)] SuspendThread: Access is denied. (0x5)
[1110/233525.607:ERROR:process_reader_win.cc(151)] SuspendThread: Access is denied. (0x5)
[1110/233525.607:ERROR:process_reader_win.cc(151)] SuspendThread: Access is denied. (0x5)
[1110/233525.607:ERROR:process_reader_win.cc(151)] SuspendThread: Access is denied. (0x5)
[1110/233525.607:ERROR:process_reader_win.cc(151)] SuspendThread: Access is denied. (0x5)
[1110/233525.607:ERROR:process_reader_win.cc(151)] SuspendThread: Access is denied. (0x5)
[1110/233525.607:ERROR:process_reader_win.cc(151)] SuspendThread: Access is denied. (0x5)
[1110/233525.607:ERROR:process_reader_win.cc(151)] SuspendThread: Access is denied. (0x5)
[1110/233525.607:ERROR:process_reader_win.cc(151)] SuspendThread: Access is denied. (0x5)
[1110/233525.607:ERROR:process_reader_win.cc(123)] NtOpenThread: {Access Denied} A process has requested access to an object, but has not been granted those access rights. (0xc0000022)
[1110/233525.608:ERROR:exception_snapshot_win.cc(99)] thread ID 36428 not found in process
[1110/233525.609:ERROR:process_reader_win.cc(151)] SuspendThread: Access is denied. (0x5)
[1110/233525.609:ERROR:process_reader_win.cc(151)] SuspendThread: Access is denied. (0x5)
[1110/233525.609:ERROR:process_reader_win.cc(151)] SuspendThread: Access is denied. (0x5)
[1110/233525.609:ERROR:process_reader_win.cc(151)] SuspendThread: Access is denied. (0x5)
[1110/233525.609:ERROR:process_reader_win.cc(151)] SuspendThread: Access is denied. (0x5)
[1110/233525.609:ERROR:process_reader_win.cc(151)] SuspendThread: Access is denied. (0x5)
[1110/233525.610:ERROR:process_reader_win.cc(151)] SuspendThread: Access is denied. (0x5)
[1110/233525.610:ERROR:process_reader_win.cc(151)] SuspendThread: Access is denied. (0x5)
[1110/233525.610:ERROR:process_reader_win.cc(151)] SuspendThread: Access is denied. (0x5)
[1110/233525.610:ERROR:process_reader_win.cc(151)] SuspendThread: Access is denied. (0x5)
[1110/233525.610:ERROR:process_reader_win.cc(151)] SuspendThread: Access is denied. (0x5)
[1110/233525.610:ERROR:process_reader_win.cc(151)] SuspendThread: Access is denied. (0x5)
[1110/233525.610:ERROR:process_reader_win.cc(151)] SuspendThread: Access is denied. (0x5)
[1110/233525.610:ERROR:process_reader_win.cc(123)] NtOpenThread: {Access Denied} A process has requested access to an object, but has not been granted those access rights. (0xc0000022)
[1110/233525.610:ERROR:exception_snapshot_win.cc(99)] thread ID 14284 not found in process
[1110/233525.649:ERROR:process_reader_win.cc(151)] SuspendThread: Access is denied. (0x5)
[1110/233525.649:ERROR:process_reader_win.cc(151)] SuspendThread: Access is denied. (0x5)
[1110/233525.649:ERROR:process_reader_win.cc(151)] SuspendThread: Access is denied. (0x5)
[1110/233525.649:ERROR:process_reader_win.cc(151)] SuspendThread: Access is denied. (0x5)
[1110/233525.649:ERROR:process_reader_win.cc(151)] SuspendThread: Access is denied. (0x5)
[1110/233525.649:ERROR:process_reader_win.cc(151)] SuspendThread: Access is denied. (0x5)
[1110/233525.650:ERROR:process_reader_win.cc(151)] SuspendThread: Access is denied. (0x5)
[1110/233525.650:ERROR:process_reader_win.cc(151)] SuspendThread: Access is denied. (0x5)
[1110/233525.650:ERROR:process_reader_win.cc(151)] SuspendThread: Access is denied. (0x5)
[1110/233525.650:ERROR:process_reader_win.cc(151)] SuspendThread: Access is denied. (0x5)
[1110/233525.650:ERROR:process_reader_win.cc(151)] SuspendThread: Access is denied. (0x5)
[1110/233525.650:ERROR:process_reader_win.cc(151)] SuspendThread: Access is denied. (0x5)
[1110/233525.650:ERROR:process_reader_win.cc(151)] SuspendThread: Access is denied. (0x5)
[1110/233525.650:ERROR:process_reader_win.cc(123)] NtOpenThread: {Access Denied} A process has requested access to an object, but has not been granted those access rights. (0xc0000022)
[1110/233525.650:ERROR:exception_snapshot_win.cc(99)] thread ID 36844 not found in process
[1110/233525.685:ERROR:process_reader_win.cc(151)] SuspendThread: Access is denied. (0x5)
[1110/233525.686:ERROR:process_reader_win.cc(151)] SuspendThread: Access is denied. (0x5)
[1110/233525.686:ERROR:process_reader_win.cc(151)] SuspendThread: Access is denied. (0x5)
[1110/233525.686:ERROR:process_reader_win.cc(151)] SuspendThread: Access is denied. (0x5)
[1110/233525.686:ERROR:process_reader_win.cc(151)] SuspendThread: Access is denied. (0x5)
[1110/233525.686:ERROR:process_reader_win.cc(151)] SuspendThread: Access is denied. (0x5)
[1110/233525.686:ERROR:process_reader_win.cc(151)] SuspendThread: Access is denied. (0x5)
[1110/233525.686:ERROR:process_reader_win.cc(151)] SuspendThread: Access is denied. (0x5)
[1110/233525.686:ERROR:process_reader_win.cc(151)] SuspendThread: Access is denied. (0x5)
[1110/233525.686:ERROR:process_reader_win.cc(151)] SuspendThread: Access is denied. (0x5)
[1110/233525.686:ERROR:process_reader_win.cc(151)] SuspendThread: Access is denied. (0x5)
[1110/233525.686:ERROR:process_reader_win.cc(151)] SuspendThread: Access is denied. (0x5)
[1110/233525.687:ERROR:process_reader_win.cc(151)] SuspendThread: Access is denied. (0x5)
[1110/233525.687:ERROR:process_reader_win.cc(151)] SuspendThread: Access is denied. (0x5)
[1110/233525.687:ERROR:process_reader_win.cc(151)] SuspendThread: Access is denied. (0x5)
[1110/233525.687:ERROR:process_reader_win.cc(123)] NtOpenThread: {Access Denied} A process has requested access to an object, but has not been granted those access rights. (0xc0000022)
[1110/233525.687:ERROR:exception_snapshot_win.cc(99)] thread ID 33356 not found in process
[1110/233525.697:ERROR:process_reader_win.cc(151)] SuspendThread: Access is denied. (0x5)
[1110/233525.697:ERROR:process_reader_win.cc(151)] SuspendThread: Access is denied. (0x5)
[1110/233525.697:ERROR:process_reader_win.cc(151)] SuspendThread: Access is denied. (0x5)
[1110/233525.697:ERROR:process_reader_win.cc(151)] SuspendThread: Access is denied. (0x5)
[1110/233525.697:ERROR:process_reader_win.cc(151)] SuspendThread: Access is denied. (0x5)
[1110/233525.698:ERROR:process_reader_win.cc(151)] SuspendThread: Access is denied. (0x5)
[1110/233525.698:ERROR:process_reader_win.cc(151)] SuspendThread: Access is denied. (0x5)
[1110/233525.698:ERROR:process_reader_win.cc(151)] SuspendThread: Access is denied. (0x5)
[1110/233525.698:ERROR:process_reader_win.cc(151)] SuspendThread: Access is denied. (0x5)
[1110/233525.698:ERROR:process_reader_win.cc(151)] SuspendThread: Access is denied. (0x5)
[1110/233525.698:ERROR:process_reader_win.cc(151)] SuspendThread: Access is denied. (0x5)
[1110/233525.698:ERROR:process_reader_win.cc(151)] SuspendThread: Access is denied. (0x5)
[1110/233525.698:ERROR:process_reader_win.cc(151)] SuspendThread: Access is denied. (0x5)
[1110/233525.698:ERROR:process_reader_win.cc(123)] NtOpenThread: {Access Denied} A process has requested access to an object, but has not been granted those access rights. (0xc0000022)
[1110/233525.698:ERROR:exception_snapshot_win.cc(99)] thread ID 30444 not found in process
[1110/233525.736:ERROR:process_reader_win.cc(151)] SuspendThread: Access is denied. (0x5)
[1110/233525.736:ERROR:process_reader_win.cc(151)] SuspendThread: Access is denied. (0x5)
[1110/233525.736:ERROR:process_reader_win.cc(151)] SuspendThread: Access is denied. (0x5)
[1110/233525.736:ERROR:process_reader_win.cc(151)] SuspendThread: Access is denied. (0x5)
[1110/233525.736:ERROR:process_reader_win.cc(151)] SuspendThread: Access is denied. (0x5)
[1110/233525.736:ERROR:process_reader_win.cc(151)] SuspendThread: Access is denied. (0x5)
[1110/233525.736:ERROR:process_reader_win.cc(151)] SuspendThread: Access is denied. (0x5)
[1110/233525.736:ERROR:process_reader_win.cc(151)] SuspendThread: Access is denied. (0x5)
[1110/233525.736:ERROR:process_reader_win.cc(151)] SuspendThread: Access is denied. (0x5)
[1110/233525.736:ERROR:process_reader_win.cc(151)] SuspendThread: Access is denied. (0x5)
[1110/233525.736:ERROR:process_reader_win.cc(151)] SuspendThread: Access is denied. (0x5)
[1110/233525.736:ERROR:process_reader_win.cc(151)] SuspendThread: Access is denied. (0x5)
[1110/233525.736:ERROR:process_reader_win.cc(151)] SuspendThread: Access is denied. (0x5)
[1110/233525.736:ERROR:process_reader_win.cc(151)] SuspendThread: Access is denied. (0x5)
[1110/233525.736:ERROR:process_reader_win.cc(151)] SuspendThread: Access is denied. (0x5)
[1110/233525.736:ERROR:process_reader_win.cc(151)] SuspendThread: Access is denied. (0x5)
[1110/233525.736:ERROR:process_reader_win.cc(151)] SuspendThread: Access is denied. (0x5)
[1110/233525.736:ERROR:process_reader_win.cc(151)] SuspendThread: Access is denied. (0x5)
[1110/233525.736:ERROR:process_reader_win.cc(151)] SuspendThread: Access is denied. (0x5)
[1110/233525.737:ERROR:process_reader_win.cc(151)] SuspendThread: Access is denied. (0x5)
[1110/233525.737:ERROR:process_reader_win.cc(151)] SuspendThread: Access is denied. (0x5)
[1110/233525.737:ERROR:process_reader_win.cc(151)] SuspendThread: Access is denied. (0x5)
[1110/233525.737:ERROR:process_reader_win.cc(151)] SuspendThread: Access is denied. (0x5)
[1110/233525.737:ERROR:process_reader_win.cc(151)] SuspendThread: Access is denied. (0x5)
[1110/233525.737:ERROR:process_reader_win.cc(123)] NtOpenThread: {Access Denied} A process has requested access to an object, but has not been granted those access rights. (0xc0000022)
[1110/233525.737:ERROR:process_reader_win.cc(151)] SuspendThread: Access is denied. (0x5)
[1110/233525.737:ERROR:process_reader_win.cc(123)] NtOpenThread: {Access Denied} A process has requested access to an object, but has not been granted those access rights. (0xc0000022)
[1110/233525.737:ERROR:exception_snapshot_win.cc(99)] thread ID 22320 not found in process
[1110/233525.737:ERROR:exception_snapshot_win.cc(99)] thread ID 22140 not found in process
[1110/233525.770:ERROR:process_reader_win.cc(151)] SuspendThread: Access is denied. (0x5)
[1110/233525.770:ERROR:process_reader_win.cc(151)] SuspendThread: Access is denied. (0x5)
[1110/233525.770:ERROR:process_reader_win.cc(151)] SuspendThread: Access is denied. (0x5)
[1110/233525.770:ERROR:process_reader_win.cc(151)] SuspendThread: Access is denied. (0x5)
[1110/233525.770:ERROR:process_reader_win.cc(151)] SuspendThread: Access is denied. (0x5)
[1110/233525.770:ERROR:process_reader_win.cc(151)] SuspendThread: Access is denied. (0x5)
[1110/233525.770:ERROR:process_reader_win.cc(151)] SuspendThread: Access is denied. (0x5)
[1110/233525.770:ERROR:process_reader_win.cc(151)] SuspendThread: Access is denied. (0x5)
[1110/233525.771:ERROR:process_reader_win.cc(151)] SuspendThread: Access is denied. (0x5)
[1110/233525.771:ERROR:process_reader_win.cc(151)] SuspendThread: Access is denied. (0x5)
[1110/233525.771:ERROR:process_reader_win.cc(151)] SuspendThread: Access is denied. (0x5)
[1110/233525.771:ERROR:process_reader_win.cc(151)] SuspendThread: Access is denied. (0x5)
[1110/233525.771:ERROR:process_reader_win.cc(151)] SuspendThread: Access is denied. (0x5)
[1110/233525.771:ERROR:process_reader_win.cc(123)] NtOpenThread: {Access Denied} A process has requested access to an object, but has not been granted those access rights. (0xc0000022)
[1110/233525.771:ERROR:exception_snapshot_win.cc(99)] thread ID 24224 not found in process
[1110/233525.777:ERROR:process_reader_win.cc(151)] SuspendThread: Access is denied. (0x5)
[1110/233525.777:ERROR:process_reader_win.cc(151)] SuspendThread: Access is denied. (0x5)
[1110/233525.777:ERROR:process_reader_win.cc(151)] SuspendThread: Access is denied. (0x5)
[1110/233525.777:ERROR:process_reader_win.cc(151)] SuspendThread: Access is denied. (0x5)
[1110/233525.777:ERROR:process_reader_win.cc(151)] SuspendThread: Access is denied. (0x5)
[1110/233525.777:ERROR:process_reader_win.cc(151)] SuspendThread: Access is denied. (0x5)
[1110/233525.777:ERROR:process_reader_win.cc(151)] SuspendThread: Access is denied. (0x5)
[1110/233525.777:ERROR:process_reader_win.cc(151)] SuspendThread: Access is denied. (0x5)
[1110/233525.777:ERROR:process_reader_win.cc(151)] SuspendThread: Access is denied. (0x5)
[1110/233525.777:ERROR:process_reader_win.cc(151)] SuspendThread: Access is denied. (0x5)
[1110/233525.777:ERROR:process_reader_win.cc(151)] SuspendThread: Access is denied. (0x5)
[1110/233525.778:ERROR:process_reader_win.cc(151)] SuspendThread: Access is denied. (0x5)
[1110/233525.778:ERROR:process_reader_win.cc(151)] SuspendThread: Access is denied. (0x5)
[1110/233525.778:ERROR:process_reader_win.cc(151)] SuspendThread: Access is denied. (0x5)
[1110/233525.778:ERROR:process_reader_win.cc(151)] SuspendThread: Access is denied. (0x5)
[1110/233525.778:ERROR:process_reader_win.cc(123)] NtOpenThread: {Access Denied} A process has requested access to an object, but has not been granted those access rights. (0xc0000022)
[1110/233525.778:ERROR:exception_snapshot_win.cc(99)] thread ID 34380 not found in process
[1110/233525.804:ERROR:process_reader_win.cc(151)] SuspendThread: Access is denied. (0x5)
[1110/233525.804:ERROR:process_reader_win.cc(151)] SuspendThread: Access is denied. (0x5)
[1110/233525.804:ERROR:process_reader_win.cc(151)] SuspendThread: Access is denied. (0x5)
[1110/233525.804:ERROR:process_reader_win.cc(151)] SuspendThread: Access is denied. (0x5)
[1110/233525.804:ERROR:process_reader_win.cc(151)] SuspendThread: Access is denied. (0x5)
[1110/233525.804:ERROR:process_reader_win.cc(151)] SuspendThread: Access is denied. (0x5)
[1110/233525.804:ERROR:process_reader_win.cc(151)] SuspendThread: Access is denied. (0x5)
[1110/233525.804:ERROR:process_reader_win.cc(151)] SuspendThread: Access is denied. (0x5)
[1110/233525.804:ERROR:process_reader_win.cc(151)] SuspendThread: Access is denied. (0x5)
[1110/233525.804:ERROR:process_reader_win.cc(151)] SuspendThread: Access is denied. (0x5)
[1110/233525.804:ERROR:process_reader_win.cc(151)] SuspendThread: Access is denied. (0x5)
[1110/233525.804:ERROR:process_reader_win.cc(151)] SuspendThread: Access is denied. (0x5)
[1110/233525.804:ERROR:process_reader_win.cc(151)] SuspendThread: Access is denied. (0x5)
[1110/233525.805:ERROR:process_reader_win.cc(123)] NtOpenThread: {Access Denied} A process has requested access to an object, but has not been granted those access rights. (0xc0000022)
[1110/233525.805:ERROR:exception_snapshot_win.cc(99)] thread ID 11932 not found in process
[1110/233525.815:ERROR:process_reader_win.cc(151)] SuspendThread: Access is denied. (0x5)
[1110/233525.815:ERROR:process_reader_win.cc(151)] SuspendThread: Access is denied. (0x5)
[1110/233525.815:ERROR:process_reader_win.cc(151)] SuspendThread: Access is denied. (0x5)
[1110/233525.815:ERROR:process_reader_win.cc(151)] SuspendThread: Access is denied. (0x5)
[1110/233525.815:ERROR:process_reader_win.cc(151)] SuspendThread: Access is denied. (0x5)
[1110/233525.815:ERROR:process_reader_win.cc(151)] SuspendThread: Access is denied. (0x5)
[1110/233525.815:ERROR:process_reader_win.cc(151)] SuspendThread: Access is denied. (0x5)
[1110/233525.815:ERROR:process_reader_win.cc(151)] SuspendThread: Access is denied. (0x5)
[1110/233525.815:ERROR:process_reader_win.cc(151)] SuspendThread: Access is denied. (0x5)
[1110/233525.815:ERROR:process_reader_win.cc(123)] NtOpenThread: {Access Denied} A process has requested access to an object, but has not been granted those access rights. (0xc0000022)
[1110/233525.815:ERROR:exception_snapshot_win.cc(99)] thread ID 5656 not found in process
[1110/233525.819:ERROR:process_reader_win.cc(151)] SuspendThread: Access is denied. (0x5)
[1110/233525.819:ERROR:process_reader_win.cc(151)] SuspendThread: Access is denied. (0x5)
[1110/233525.819:ERROR:process_reader_win.cc(151)] SuspendThread: Access is denied. (0x5)
[1110/233525.819:ERROR:process_reader_win.cc(151)] SuspendThread: Access is denied. (0x5)
[1110/233525.820:ERROR:process_reader_win.cc(151)] SuspendThread: Access is denied. (0x5)
[1110/233525.820:ERROR:process_reader_win.cc(151)] SuspendThread: Access is denied. (0x5)
[1110/233525.820:ERROR:process_reader_win.cc(151)] SuspendThread: Access is denied. (0x5)
[1110/233525.820:ERROR:process_reader_win.cc(151)] SuspendThread: Access is denied. (0x5)
[1110/233525.820:ERROR:process_reader_win.cc(123)] NtOpenThread: {Access Denied} A process has requested access to an object, but has not been granted those access rights. (0xc0000022)
[1110/233525.820:ERROR:exception_snapshot_win.cc(99)] thread ID 10660 not found in process
[1110/233525.842:ERROR:process_reader_win.cc(151)] SuspendThread: Access is denied. (0x5)
[1110/233525.842:ERROR:process_reader_win.cc(151)] SuspendThread: Access is denied. (0x5)
[1110/233525.842:ERROR:process_reader_win.cc(151)] SuspendThread: Access is denied. (0x5)
[1110/233525.842:ERROR:process_reader_win.cc(151)] SuspendThread: Access is denied. (0x5)
[1110/233525.842:ERROR:process_reader_win.cc(151)] SuspendThread: Access is denied. (0x5)
[1110/233525.842:ERROR:process_reader_win.cc(151)] SuspendThread: Access is denied. (0x5)
[1110/233525.842:ERROR:process_reader_win.cc(151)] SuspendThread: Access is denied. (0x5)
[1110/233525.842:ERROR:process_reader_win.cc(151)] SuspendThread: Access is denied. (0x5)
[1110/233525.842:ERROR:process_reader_win.cc(151)] SuspendThread: Access is denied. (0x5)
[1110/233525.842:ERROR:process_reader_win.cc(123)] NtOpenThread: {Access Denied} A process has requested access to an object, but has not been granted those access rights. (0xc0000022)
[1110/233525.842:ERROR:exception_snapshot_win.cc(99)] thread ID 11120 not found in process
[1110/233525.868:ERROR:process_reader_win.cc(151)] SuspendThread: Access is denied. (0x5)
[1110/233525.868:ERROR:process_reader_win.cc(151)] SuspendThread: Access is denied. (0x5)
[1110/233525.868:ERROR:process_reader_win.cc(151)] SuspendThread: Access is denied. (0x5)
[1110/233525.869:ERROR:process_reader_win.cc(151)] SuspendThread: Access is denied. (0x5)
[1110/233525.869:ERROR:process_reader_win.cc(151)] SuspendThread: Access is denied. (0x5)
[1110/233525.869:ERROR:process_reader_win.cc(151)] SuspendThread: Access is denied. (0x5)
[1110/233525.869:ERROR:process_reader_win.cc(151)] SuspendThread: Access is denied. (0x5)
[1110/233525.869:ERROR:process_reader_win.cc(151)] SuspendThread: Access is denied. (0x5)
[1110/233525.869:ERROR:process_reader_win.cc(151)] SuspendThread: Access is denied. (0x5)
[1110/233525.869:ERROR:process_reader_win.cc(151)] SuspendThread: Access is denied. (0x5)
[1110/233525.869:ERROR:process_reader_win.cc(151)] SuspendThread: Access is denied. (0x5)
[1110/233525.869:ERROR:process_reader_win.cc(151)] SuspendThread: Access is denied. (0x5)
[1110/233525.869:ERROR:process_reader_win.cc(151)] SuspendThread: Access is denied. (0x5)
[1110/233525.869:ERROR:process_reader_win.cc(123)] NtOpenThread: {Access Denied} A process has requested access to an object, but has not been granted those access rights. (0xc0000022)
[1110/233525.869:ERROR:exception_snapshot_win.cc(99)] thread ID 22776 not found in process
[1110/233525.880:ERROR:process_reader_win.cc(151)] SuspendThread: Access is denied. (0x5)
[1110/233525.880:ERROR:process_reader_win.cc(151)] SuspendThread: Access is denied. (0x5)
[1110/233525.880:ERROR:process_reader_win.cc(151)] SuspendThread: Access is denied. (0x5)
[1110/233525.880:ERROR:process_reader_win.cc(151)] SuspendThread: Access is denied. (0x5)
[1110/233525.880:ERROR:process_reader_win.cc(151)] SuspendThread: Access is denied. (0x5)
[1110/233525.881:ERROR:process_reader_win.cc(151)] SuspendThread: Access is denied. (0x5)
[1110/233525.881:ERROR:process_reader_win.cc(151)] SuspendThread: Access is denied. (0x5)
[1110/233525.881:ERROR:process_reader_win.cc(151)] SuspendThread: Access is denied. (0x5)
[1110/233525.881:ERROR:process_reader_win.cc(151)] SuspendThread: Access is denied. (0x5)
[1110/233525.881:ERROR:process_reader_win.cc(151)] SuspendThread: Access is denied. (0x5)
[1110/233525.881:ERROR:process_reader_win.cc(151)] SuspendThread: Access is denied. (0x5)
[1110/233525.881:ERROR:process_reader_win.cc(151)] SuspendThread: Access is denied. (0x5)
[1110/233525.881:ERROR:process_reader_win.cc(151)] SuspendThread: Access is denied. (0x5)
[1110/233525.881:ERROR:process_reader_win.cc(151)] SuspendThread: Access is denied. (0x5)
[1110/233525.881:ERROR:process_reader_win.cc(151)] SuspendThread: Access is denied. (0x5)
[1110/233525.881:ERROR:process_reader_win.cc(151)] SuspendThread: Access is denied. (0x5)
[1110/233525.881:ERROR:process_reader_win.cc(123)] NtOpenThread: {Access Denied} A process has requested access to an object, but has not been granted those access rights. (0xc0000022)
[1110/233525.881:ERROR:exception_snapshot_win.cc(99)] thread ID 22596 not found in process
[1110/233525.883:ERROR:process_reader_win.cc(151)] SuspendThread: Access is denied. (0x5)
[1110/233525.883:ERROR:process_reader_win.cc(151)] SuspendThread: Access is denied. (0x5)
[1110/233525.883:ERROR:process_reader_win.cc(151)] SuspendThread: Access is denied. (0x5)
[1110/233525.883:ERROR:process_reader_win.cc(151)] SuspendThread: Access is denied. (0x5)
[1110/233525.883:ERROR:process_reader_win.cc(151)] SuspendThread: Access is denied. (0x5)
[1110/233525.883:ERROR:process_reader_win.cc(151)] SuspendThread: Access is denied. (0x5)
[1110/233525.883:ERROR:process_reader_win.cc(151)] SuspendThread: Access is denied. (0x5)
[1110/233525.883:ERROR:process_reader_win.cc(151)] SuspendThread: Access is denied. (0x5)
[1110/233525.883:ERROR:process_reader_win.cc(151)] SuspendThread: Access is denied. (0x5)
[1110/233525.884:ERROR:process_reader_win.cc(151)] SuspendThread: Access is denied. (0x5)
[1110/233525.884:ERROR:process_reader_win.cc(151)] SuspendThread: Access is denied. (0x5)
[1110/233525.884:ERROR:process_reader_win.cc(151)] SuspendThread: Access is denied. (0x5)
[1110/233525.884:ERROR:process_reader_win.cc(151)] SuspendThread: Access is denied. (0x5)
[1110/233525.884:ERROR:process_reader_win.cc(123)] NtOpenThread: {Access Denied} A process has requested access to an object, but has not been granted those access rights. (0xc0000022)
[1110/233525.884:ERROR:exception_snapshot_win.cc(99)] thread ID 18144 not found in process
[1110/233525.915:ERROR:process_reader_win.cc(151)] SuspendThread: Access is denied. (0x5)
[1110/233525.915:ERROR:process_reader_win.cc(151)] SuspendThread: Access is denied. (0x5)
[1110/233525.915:ERROR:process_reader_win.cc(151)] SuspendThread: Access is denied. (0x5)
[1110/233525.915:ERROR:process_reader_win.cc(151)] SuspendThread: Access is denied. (0x5)
[1110/233525.915:ERROR:process_reader_win.cc(151)] SuspendThread: Access is denied. (0x5)
[1110/233525.915:ERROR:process_reader_win.cc(151)] SuspendThread: Access is denied. (0x5)
[1110/233525.915:ERROR:process_reader_win.cc(151)] SuspendThread: Access is denied. (0x5)
[1110/233525.915:ERROR:process_reader_win.cc(151)] SuspendThread: Access is denied. (0x5)
[1110/233525.915:ERROR:process_reader_win.cc(151)] SuspendThread: Access is denied. (0x5)
[1110/233525.915:ERROR:process_reader_win.cc(151)] SuspendThread: Access is denied. (0x5)
[1110/233525.915:ERROR:process_reader_win.cc(151)] SuspendThread: Access is denied. (0x5)
[1110/233525.916:ERROR:process_reader_win.cc(151)] SuspendThread: Access is denied. (0x5)
[1110/233525.916:ERROR:process_reader_win.cc(151)] SuspendThread: Access is denied. (0x5)
[1110/233525.916:ERROR:process_reader_win.cc(151)] SuspendThread: Access is denied. (0x5)
[1110/233525.916:ERROR:process_reader_win.cc(123)] NtOpenThread: {Access Denied} A process has requested access to an object, but has not been granted those access rights. (0xc0000022)
[1110/233525.916:ERROR:exception_snapshot_win.cc(99)] thread ID 25464 not found in process
[1110/233525.916:ERROR:process_reader_win.cc(151)] SuspendThread: Access is denied. (0x5)
[1110/233525.917:ERROR:process_reader_win.cc(151)] SuspendThread: Access is denied. (0x5)
[1110/233525.917:ERROR:process_reader_win.cc(151)] SuspendThread: Access is denied. (0x5)
[1110/233525.917:ERROR:process_reader_win.cc(151)] SuspendThread: Access is denied. (0x5)
[1110/233525.917:ERROR:process_reader_win.cc(151)] SuspendThread: Access is denied. (0x5)
[1110/233525.917:ERROR:process_reader_win.cc(151)] SuspendThread: Access is denied. (0x5)
[1110/233525.917:ERROR:process_reader_win.cc(151)] SuspendThread: Access is denied. (0x5)
[1110/233525.917:ERROR:process_reader_win.cc(151)] SuspendThread: Access is denied. (0x5)
[1110/233525.917:ERROR:process_reader_win.cc(151)] SuspendThread: Access is denied. (0x5)
[1110/233525.917:ERROR:process_reader_win.cc(151)] SuspendThread: Access is denied. (0x5)
[1110/233525.917:ERROR:process_reader_win.cc(151)] SuspendThread: Access is denied. (0x5)
[1110/233525.917:ERROR:process_reader_win.cc(151)] SuspendThread: Access is denied. (0x5)
[1110/233525.917:ERROR:process_reader_win.cc(151)] SuspendThread: Access is denied. (0x5)
[1110/233525.917:ERROR:process_reader_win.cc(123)] NtOpenThread: {Access Denied} A process has requested access to an object, but has not been granted those access rights. (0xc0000022)
[1110/233525.918:ERROR:exception_snapshot_win.cc(99)] thread ID 12572 not found in process
[1110/233525.934:ERROR:process_reader_win.cc(151)] SuspendThread: Access is denied. (0x5)
[1110/233525.934:ERROR:process_reader_win.cc(151)] SuspendThread: Access is denied. (0x5)
[1110/233525.934:ERROR:process_reader_win.cc(151)] SuspendThread: Access is denied. (0x5)
[1110/233525.935:ERROR:process_reader_win.cc(151)] SuspendThread: Access is denied. (0x5)
[1110/233525.935:ERROR:process_reader_win.cc(151)] SuspendThread: Access is denied. (0x5)
[1110/233525.935:ERROR:process_reader_win.cc(151)] SuspendThread: Access is denied. (0x5)
[1110/233525.935:ERROR:process_reader_win.cc(151)] SuspendThread: Access is denied. (0x5)
[1110/233525.935:ERROR:process_reader_win.cc(151)] SuspendThread: Access is denied. (0x5)
[1110/233525.935:ERROR:process_reader_win.cc(151)] SuspendThread: Access is denied. (0x5)
[1110/233525.935:ERROR:process_reader_win.cc(151)] SuspendThread: Access is denied. (0x5)
[1110/233525.935:ERROR:process_reader_win.cc(151)] SuspendThread: Access is denied. (0x5)
[1110/233525.935:ERROR:process_reader_win.cc(151)] SuspendThread: Access is denied. (0x5)
[1110/233525.935:ERROR:process_reader_win.cc(151)] SuspendThread: Access is denied. (0x5)
[1110/233525.935:ERROR:process_reader_win.cc(123)] NtOpenThread: {Access Denied} A process has requested access to an object, but has not been granted those access rights. (0xc0000022)
[1110/233525.935:ERROR:exception_snapshot_win.cc(99)] thread ID 19780 not found in process
[1110/233525.942:ERROR:process_reader_win.cc(151)] SuspendThread: Access is denied. (0x5)
[1110/233525.942:ERROR:process_reader_win.cc(151)] SuspendThread: Access is denied. (0x5)
[1110/233525.942:ERROR:process_reader_win.cc(151)] SuspendThread: Access is denied. (0x5)
[1110/233525.943:ERROR:process_reader_win.cc(151)] SuspendThread: Access is denied. (0x5)
[1110/233525.943:ERROR:process_reader_win.cc(151)] SuspendThread: Access is denied. (0x5)
[1110/233525.943:ERROR:process_reader_win.cc(151)] SuspendThread: Access is denied. (0x5)
[1110/233525.943:ERROR:process_reader_win.cc(151)] SuspendThread: Access is denied. (0x5)
[1110/233525.943:ERROR:process_reader_win.cc(151)] SuspendThread: Access is denied. (0x5)
[1110/233525.943:ERROR:process_reader_win.cc(151)] SuspendThread: Access is denied. (0x5)
[1110/233525.943:ERROR:process_reader_win.cc(151)] SuspendThread: Access is denied. (0x5)
[1110/233525.943:ERROR:process_reader_win.cc(151)] SuspendThread: Access is denied. (0x5)
[1110/233525.943:ERROR:process_reader_win.cc(151)] SuspendThread: Access is denied. (0x5)
[1110/233525.943:ERROR:process_reader_win.cc(151)] SuspendThread: Access is denied. (0x5)
[1110/233525.943:ERROR:process_reader_win.cc(151)] SuspendThread: Access is denied. (0x5)
[1110/233525.943:ERROR:process_reader_win.cc(151)] SuspendThread: Access is denied. (0x5)
[1110/233525.943:ERROR:process_reader_win.cc(151)] SuspendThread: Access is denied. (0x5)
[1110/233525.943:ERROR:process_reader_win.cc(123)] NtOpenThread: {Access Denied} A process has requested access to an object, but has not been granted those access rights. (0xc0000022)
[1110/233525.944:ERROR:exception_snapshot_win.cc(99)] thread ID 36516 not found in process
[1110/233525.950:ERROR:process_reader_win.cc(151)] SuspendThread: Access is denied. (0x5)
[1110/233525.950:ERROR:process_reader_win.cc(151)] SuspendThread: Access is denied. (0x5)
[1110/233525.950:ERROR:process_reader_win.cc(151)] SuspendThread: Access is denied. (0x5)
[1110/233525.950:ERROR:process_reader_win.cc(151)] SuspendThread: Access is denied. (0x5)
[1110/233525.951:ERROR:process_reader_win.cc(151)] SuspendThread: Access is denied. (0x5)
[1110/233525.951:ERROR:process_reader_win.cc(151)] SuspendThread: Access is denied. (0x5)
[1110/233525.951:ERROR:process_reader_win.cc(151)] SuspendThread: Access is denied. (0x5)
[1110/233525.951:ERROR:process_reader_win.cc(151)] SuspendThread: Access is denied. (0x5)
[1110/233525.951:ERROR:process_reader_win.cc(151)] SuspendThread: Access is denied. (0x5)
[1110/233525.951:ERROR:process_reader_win.cc(151)] SuspendThread: Access is denied. (0x5)
[1110/233525.951:ERROR:process_reader_win.cc(151)] SuspendThread: Access is denied. (0x5)
[1110/233525.951:ERROR:process_reader_win.cc(151)] SuspendThread: Access is denied. (0x5)
[1110/233525.951:ERROR:process_reader_win.cc(123)] NtOpenThread: {Access Denied} A process has requested access to an object, but has not been granted those access rights. (0xc0000022)
[1110/233525.951:ERROR:exception_snapshot_win.cc(99)] thread ID 19656 not found in process
[1110/233525.985:ERROR:process_reader_win.cc(151)] SuspendThread: Access is denied. (0x5)
[1110/233525.985:ERROR:process_reader_win.cc(151)] SuspendThread: Access is denied. (0x5)
[1110/233525.985:ERROR:process_reader_win.cc(151)] SuspendThread: Access is denied. (0x5)
[1110/233525.985:ERROR:process_reader_win.cc(151)] SuspendThread: Access is denied. (0x5)
[1110/233525.985:ERROR:process_reader_win.cc(151)] SuspendThread: Access is denied. (0x5)
[1110/233525.985:ERROR:process_reader_win.cc(151)] SuspendThread: Access is denied. (0x5)
[1110/233525.985:ERROR:process_reader_win.cc(151)] SuspendThread: Access is denied. (0x5)
[1110/233525.985:ERROR:process_reader_win.cc(151)] SuspendThread: Access is denied. (0x5)
[1110/233525.985:ERROR:process_reader_win.cc(151)] SuspendThread: Access is denied. (0x5)
[1110/233525.985:ERROR:process_reader_win.cc(151)] SuspendThread: Access is denied. (0x5)
[1110/233525.985:ERROR:process_reader_win.cc(151)] SuspendThread: Access is denied. (0x5)
[1110/233525.985:ERROR:process_reader_win.cc(151)] SuspendThread: Access is denied. (0x5)
[1110/233525.986:ERROR:process_reader_win.cc(151)] SuspendThread: Access is denied. (0x5)
[1110/233525.986:ERROR:process_reader_win.cc(123)] NtOpenThread: {Access Denied} A process has requested access to an object, but has not been granted those access rights. (0xc0000022)
[1110/233525.986:ERROR:exception_snapshot_win.cc(99)] thread ID 27488 not found in process
[1110/233525.990:ERROR:process_reader_win.cc(151)] SuspendThread: Access is denied. (0x5)
[1110/233525.990:ERROR:process_reader_win.cc(151)] SuspendThread: Access is denied. (0x5)
[1110/233525.990:ERROR:process_reader_win.cc(151)] SuspendThread: Access is denied. (0x5)
[1110/233525.990:ERROR:process_reader_win.cc(151)] SuspendThread: Access is denied. (0x5)
[1110/233525.990:ERROR:process_reader_win.cc(151)] SuspendThread: Access is denied. (0x5)
[1110/233525.990:ERROR:process_reader_win.cc(151)] SuspendThread: Access is denied. (0x5)
[1110/233525.990:ERROR:process_reader_win.cc(151)] SuspendThread: Access is denied. (0x5)
[1110/233525.991:ERROR:process_reader_win.cc(151)] SuspendThread: Access is denied. (0x5)
[1110/233525.991:ERROR:process_reader_win.cc(151)] SuspendThread: Access is denied. (0x5)
[1110/233525.991:ERROR:process_reader_win.cc(151)] SuspendThread: Access is denied. (0x5)
[1110/233525.991:ERROR:process_reader_win.cc(151)] SuspendThread: Access is denied. (0x5)
[1110/233525.991:ERROR:process_reader_win.cc(151)] SuspendThread: Access is denied. (0x5)
[1110/233525.991:ERROR:process_reader_win.cc(123)] NtOpenThread: {Access Denied} A process has requested access to an object, but has not been granted those access rights. (0xc0000022)
[1110/233525.991:ERROR:exception_snapshot_win.cc(99)] thread ID 25180 not found in process
[1110/233526.012:ERROR:process_reader_win.cc(151)] SuspendThread: Access is denied. (0x5)
[1110/233526.012:ERROR:process_reader_win.cc(151)] SuspendThread: Access is denied. (0x5)
[1110/233526.012:ERROR:process_reader_win.cc(151)] SuspendThread: Access is denied. (0x5)
[1110/233526.012:ERROR:process_reader_win.cc(151)] SuspendThread: Access is denied. (0x5)
[1110/233526.012:ERROR:process_reader_win.cc(151)] SuspendThread: Access is denied. (0x5)
[1110/233526.012:ERROR:process_reader_win.cc(151)] SuspendThread: Access is denied. (0x5)
[1110/233526.012:ERROR:process_reader_win.cc(151)] SuspendThread: Access is denied. (0x5)
[1110/233526.012:ERROR:process_reader_win.cc(151)] SuspendThread: Access is denied. (0x5)
[1110/233526.012:ERROR:process_reader_win.cc(151)] SuspendThread: Access is denied. (0x5)
[1110/233526.012:ERROR:process_reader_win.cc(151)] SuspendThread: Access is denied. (0x5)
[1110/233526.012:ERROR:process_reader_win.cc(151)] SuspendThread: Access is denied. (0x5)
[1110/233526.013:ERROR:process_reader_win.cc(151)] SuspendThread: Access is denied. (0x5)
[1110/233526.013:ERROR:process_reader_win.cc(151)] SuspendThread: Access is denied. (0x5)
[1110/233526.013:ERROR:exception_snapshot_win.cc(99)] thread ID 31396 not found in process
[1110/233526.035:ERROR:process_reader_win.cc(151)] SuspendThread: Access is denied. (0x5)
[1110/233526.035:ERROR:process_reader_win.cc(151)] SuspendThread: Access is denied. (0x5)
[1110/233526.035:ERROR:process_reader_win.cc(151)] SuspendThread: Access is denied. (0x5)
[1110/233526.035:ERROR:process_reader_win.cc(151)] SuspendThread: Access is denied. (0x5)
[1110/233526.035:ERROR:process_reader_win.cc(151)] SuspendThread: Access is denied. (0x5)
[1110/233526.036:ERROR:process_reader_win.cc(151)] SuspendThread: Access is denied. (0x5)
[1110/233526.036:ERROR:process_reader_win.cc(151)] SuspendThread: Access is denied. (0x5)
[1110/233526.036:ERROR:process_reader_win.cc(151)] SuspendThread: Access is denied. (0x5)
[1110/233526.036:ERROR:process_reader_win.cc(151)] SuspendThread: Access is denied. (0x5)
[1110/233526.036:ERROR:process_reader_win.cc(151)] SuspendThread: Access is denied. (0x5)
[1110/233526.036:ERROR:process_reader_win.cc(151)] SuspendThread: Access is denied. (0x5)
[1110/233526.036:ERROR:exception_snapshot_win.cc(99)] thread ID 22088 not found in process
[1110/233526.045:ERROR:process_reader_win.cc(151)] SuspendThread: Access is denied. (0x5)
[1110/233526.045:ERROR:process_reader_win.cc(151)] SuspendThread: Access is denied. (0x5)
[1110/233526.045:ERROR:process_reader_win.cc(151)] SuspendThread: Access is denied. (0x5)
[1110/233526.045:ERROR:process_reader_win.cc(151)] SuspendThread: Access is denied. (0x5)
[1110/233526.046:ERROR:process_reader_win.cc(151)] SuspendThread: Access is denied. (0x5)
[1110/233526.046:ERROR:process_reader_win.cc(151)] SuspendThread: Access is denied. (0x5)
[1110/233526.046:ERROR:process_reader_win.cc(151)] SuspendThread: Access is denied. (0x5)
[1110/233526.046:ERROR:process_reader_win.cc(151)] SuspendThread: Access is denied. (0x5)
[1110/233526.046:ERROR:process_reader_win.cc(151)] SuspendThread: Access is denied. (0x5)
[1110/233526.046:ERROR:process_reader_win.cc(151)] SuspendThread: Access is denied. (0x5)
[1110/233526.046:ERROR:exception_snapshot_win.cc(99)] thread ID 35000 not found in process
